<?xml version="1.0" encoding="UTF-8"?>
<!-- Generated by org.testng.reporters.JUnitXMLReporter -->
<testsuite hostname="PC1490" name="Default test" tests="36" failures="3" timestamp="20 Mar 2018 06:50:14 GMT" time="7784.962" errors="0">
  <testcase name="TC040DAD_03" time="72.272" classname="com.dts.adminportal.dts.test.DTSProducts040DProductDetail"/>
  <testcase name="TC040DAD_05" time="112.534" classname="com.dts.adminportal.dts.test.DTSProducts040DProductDetail"/>
  <testcase name="TC040DAD_07" time="127.884" classname="com.dts.adminportal.dts.test.DTSProducts040DProductDetail"/>
  <testcase name="TC040DAD_09" time="81.62" classname="com.dts.adminportal.dts.test.DTSProducts040DProductDetail"/>
  <testcase name="TC040DAD_10" time="59.459" classname="com.dts.adminportal.dts.test.DTSProducts040DProductDetail"/>
  <testcase name="TC040DAD_11" time="110.205" classname="com.dts.adminportal.dts.test.DTSProducts040DProductDetail"/>
  <testcase name="TC040DAD_12" time="141.898" classname="com.dts.adminportal.dts.test.DTSProducts040DProductDetail"/>
  <testcase name="TC040DAD_13" time="161.359" classname="com.dts.adminportal.dts.test.DTSProducts040DProductDetail"/>
  <testcase name="TC040DAD_14" time="145.79" classname="com.dts.adminportal.dts.test.DTSProducts040DProductDetail"/>
  <testcase name="TC040DAD_15" time="61.252" classname="com.dts.adminportal.dts.test.DTSProducts040DProductDetail"/>
  <testcase name="TC040DAD_16" time="321.659" classname="com.dts.adminportal.dts.test.DTSProducts040DProductDetail"/>
  <testcase name="TC040DAD_17" time="335.278" classname="com.dts.adminportal.dts.test.DTSProducts040DProductDetail"/>
  <testcase name="TC040DAD_18" time="385.86" classname="com.dts.adminportal.dts.test.DTSProducts040DProductDetail"/>
  <testcase name="TC040DAD_19" time="107.391" classname="com.dts.adminportal.dts.test.DTSProducts040DProductDetail"/>
  <testcase name="TC040DAD_20" time="149.869" classname="com.dts.adminportal.dts.test.DTSProducts040DProductDetail"/>
  <testcase name="TC040DAD_21" time="272.301" classname="com.dts.adminportal.dts.test.DTSProducts040DProductDetail"/>
  <testcase name="TC040DAD_22" time="98.398" classname="com.dts.adminportal.dts.test.DTSProducts040DProductDetail">
    <failure type="java.lang.AssertionError" message="expected [true] but found [false]">
      <![CDATA[java.lang.AssertionError: expected [true] but found [false]
	at org.testng.Assert.fail(Assert.java:94)
	at org.testng.Assert.failNotEquals(Assert.java:496)
	at org.testng.Assert.assertTrue(Assert.java:42)
	at org.testng.Assert.assertTrue(Assert.java:52)
	at com.dts.adminportal.dts.test.DTSProducts040DProductDetail.TC040DAD_22(DTSProducts040DProductDetail.java:2351)
	at sun.reflect.NativeMethodAccessorImpl.invoke0(Native Method)
	at sun.reflect.NativeMethodAccessorImpl.invoke(Unknown Source)
	at sun.reflect.DelegatingMethodAccessorImpl.invoke(Unknown Source)
	at java.lang.reflect.Method.invoke(Unknown Source)
	at org.testng.internal.MethodInvocationHelper.invokeMethod(MethodInvocationHelper.java:85)
	at org.testng.internal.Invoker.invokeMethod(Invoker.java:639)
	at org.testng.internal.Invoker.invokeTestMethod(Invoker.java:816)
	at org.testng.internal.Invoker.invokeTestMethods(Invoker.java:1124)
	at org.testng.internal.TestMethodWorker.invokeTestMethods(TestMethodWorker.java:125)
	at org.testng.internal.TestMethodWorker.run(TestMethodWorker.java:108)
	at org.testng.TestRunner.privateRun(TestRunner.java:774)
	at org.testng.TestRunner.run(TestRunner.java:624)
	at org.testng.SuiteRunner.runTest(SuiteRunner.java:359)
	at org.testng.SuiteRunner.runSequentially(SuiteRunner.java:354)
	at org.testng.SuiteRunner.privateRun(SuiteRunner.java:312)
	at org.testng.SuiteRunner.run(SuiteRunner.java:261)
	at org.testng.SuiteRunnerWorker.runSuite(SuiteRunnerWorker.java:52)
	at org.testng.SuiteRunnerWorker.run(SuiteRunnerWorker.java:86)
	at org.testng.TestNG.runSuitesSequentially(TestNG.java:1191)
	at org.testng.TestNG.runSuitesLocally(TestNG.java:1116)
	at org.testng.TestNG.run(TestNG.java:1024)
	at org.testng.remote.AbstractRemoteTestNG.run(AbstractRemoteTestNG.java:132)
	at org.testng.remote.RemoteTestNG.initAndRun(RemoteTestNG.java:230)
	at org.testng.remote.RemoteTestNG.main(RemoteTestNG.java:76)
]]>
    </failure>
  </testcase> <!-- TC040DAD_22 -->
  <testcase name="TC040DAD_23" time="212.828" classname="com.dts.adminportal.dts.test.DTSProducts040DProductDetail"/>
  <testcase name="TC040DAD_24" time="189.252" classname="com.dts.adminportal.dts.test.DTSProducts040DProductDetail">
    <failure type="java.lang.AssertionError" message="expected [true] but found [false]">
      <![CDATA[java.lang.AssertionError: expected [true] but found [false]
	at org.testng.Assert.fail(Assert.java:94)
	at org.testng.Assert.failNotEquals(Assert.java:496)
	at org.testng.Assert.assertTrue(Assert.java:42)
	at org.testng.Assert.assertTrue(Assert.java:52)
	at com.dts.adminportal.dts.test.DTSProducts040DProductDetail.TC040DAD_24(DTSProducts040DProductDetail.java:2473)
	at sun.reflect.NativeMethodAccessorImpl.invoke0(Native Method)
	at sun.reflect.NativeMethodAccessorImpl.invoke(Unknown Source)
	at sun.reflect.DelegatingMethodAccessorImpl.invoke(Unknown Source)
	at java.lang.reflect.Method.invoke(Unknown Source)
	at org.testng.internal.MethodInvocationHelper.invokeMethod(MethodInvocationHelper.java:85)
	at org.testng.internal.Invoker.invokeMethod(Invoker.java:639)
	at org.testng.internal.Invoker.invokeTestMethod(Invoker.java:816)
	at org.testng.internal.Invoker.invokeTestMethods(Invoker.java:1124)
	at org.testng.internal.TestMethodWorker.invokeTestMethods(TestMethodWorker.java:125)
	at org.testng.internal.TestMethodWorker.run(TestMethodWorker.java:108)
	at org.testng.TestRunner.privateRun(TestRunner.java:774)
	at org.testng.TestRunner.run(TestRunner.java:624)
	at org.testng.SuiteRunner.runTest(SuiteRunner.java:359)
	at org.testng.SuiteRunner.runSequentially(SuiteRunner.java:354)
	at org.testng.SuiteRunner.privateRun(SuiteRunner.java:312)
	at org.testng.SuiteRunner.run(SuiteRunner.java:261)
	at org.testng.SuiteRunnerWorker.runSuite(SuiteRunnerWorker.java:52)
	at org.testng.SuiteRunnerWorker.run(SuiteRunnerWorker.java:86)
	at org.testng.TestNG.runSuitesSequentially(TestNG.java:1191)
	at org.testng.TestNG.runSuitesLocally(TestNG.java:1116)
	at org.testng.TestNG.run(TestNG.java:1024)
	at org.testng.remote.AbstractRemoteTestNG.run(AbstractRemoteTestNG.java:132)
	at org.testng.remote.RemoteTestNG.initAndRun(RemoteTestNG.java:230)
	at org.testng.remote.RemoteTestNG.main(RemoteTestNG.java:76)
]]>
    </failure>
  </testcase> <!-- TC040DAD_24 -->
  <testcase name="TC040DAD_25" time="150.882" classname="com.dts.adminportal.dts.test.DTSProducts040DProductDetail"/>
  <testcase name="TC041DAVD_01" time="157.486" classname="com.dts.adminportal.dts.test.DTSProducts040DProductDetail"/>
  <testcase name="TC041DAVD_04" time="187.843" classname="com.dts.adminportal.dts.test.DTSProducts040DProductDetail"/>
  <testcase name="TC041DAVD_07" time="180.44" classname="com.dts.adminportal.dts.test.DTSProducts040DProductDetail"/>
  <testcase name="TC041DAVD_08" time="163.561" classname="com.dts.adminportal.dts.test.DTSProducts040DProductDetail"/>
  <testcase name="TC041DAVD_10" time="159.448" classname="com.dts.adminportal.dts.test.DTSProducts040DProductDetail"/>
  <testcase name="TC041DAVD_11" time="221.369" classname="com.dts.adminportal.dts.test.DTSProducts040DProductDetail"/>
  <testcase name="TC041DAVD_12" time="239.143" classname="com.dts.adminportal.dts.test.DTSProducts040DProductDetail"/>
  <testcase name="TC041DAVD_13" time="234.703" classname="com.dts.adminportal.dts.test.DTSProducts040DProductDetail"/>
  <testcase name="TC041DAVD_14" time="142.084" classname="com.dts.adminportal.dts.test.DTSProducts040DProductDetail"/>
  <testcase name="TC041DAVD_15" time="122.829" classname="com.dts.adminportal.dts.test.DTSProducts040DProductDetail"/>
  <testcase name="TC041DAVD_16" time="194.39" classname="com.dts.adminportal.dts.test.DTSProducts040DProductDetail">
    <failure type="org.openqa.selenium.NoSuchElementException" message="Unable to locate element: {&amp;quot;method&amp;quot;:&amp;quot;xpath&amp;quot;,&amp;quot;selector&amp;quot;:&amp;quot;//*[@id=&amp;apos;loggedInAs&amp;apos;]&amp;quot;}
Command duration or timeout: 10.12 seconds
For documentation on this error, please visit: http://seleniumhq.org/exceptions/no_such_element.html
Build info: version: &amp;apos;2.47.1&amp;apos;, revision: &amp;apos;unknown&amp;apos;, time: &amp;apos;2015-07-30 11:02:44&amp;apos;
System info: host: &amp;apos;PC1490&amp;apos;, ip: &amp;apos;172.18.0.199&amp;apos;, os.name: &amp;apos;Windows 10&amp;apos;, os.arch: &amp;apos;amd64&amp;apos;, os.version: &amp;apos;10.0&amp;apos;, java.version: &amp;apos;1.8.0_131&amp;apos;
Driver info: org.openqa.selenium.firefox.FirefoxDriver
Capabilities [{applicationCacheEnabled=true, rotatable=false, handlesAlerts=true, databaseEnabled=true, version=41.0.2, platform=WINDOWS, nativeEvents=false, acceptSslCerts=true, webStorageEnabled=true, locationContextEnabled=true, browserName=firefox, takesScreenshot=true, javascriptEnabled=true, cssSelectorsEnabled=true}]
Session ID: 583ddb49-7b54-44c0-8e6e-df8a78fd2cf3
*** Element info: {Using=xpath, value=//*[@id=&amp;apos;loggedInAs&amp;apos;]}">
      <![CDATA[org.openqa.selenium.NoSuchElementException: Unable to locate element: {"method":"xpath","selector":"//*[@id='loggedInAs']"}
Command duration or timeout: 10.12 seconds
For documentation on this error, please visit: http://seleniumhq.org/exceptions/no_such_element.html
Build info: version: '2.47.1', revision: 'unknown', time: '2015-07-30 11:02:44'
System info: host: 'PC1490', ip: '172.18.0.199', os.name: 'Windows 10', os.arch: 'amd64', os.version: '10.0', java.version: '1.8.0_131'
Driver info: org.openqa.selenium.firefox.FirefoxDriver
Capabilities [{applicationCacheEnabled=true, rotatable=false, handlesAlerts=true, databaseEnabled=true, version=41.0.2, platform=WINDOWS, nativeEvents=false, acceptSslCerts=true, webStorageEnabled=true, locationContextEnabled=true, browserName=firefox, takesScreenshot=true, javascriptEnabled=true, cssSelectorsEnabled=true}]
Session ID: 583ddb49-7b54-44c0-8e6e-df8a78fd2cf3
*** Element info: {Using=xpath, value=//*[@id='loggedInAs']}
	at sun.reflect.GeneratedConstructorAccessor20.newInstance(Unknown Source)
	at sun.reflect.DelegatingConstructorAccessorImpl.newInstance(Unknown Source)
	at java.lang.reflect.Constructor.newInstance(Unknown Source)
	at org.openqa.selenium.remote.ErrorHandler.createThrowable(ErrorHandler.java:206)
	at org.openqa.selenium.remote.ErrorHandler.throwIfResponseFailed(ErrorHandler.java:158)
	at org.openqa.selenium.remote.RemoteWebDriver.execute(RemoteWebDriver.java:595)
	at org.openqa.selenium.remote.RemoteWebDriver.findElement(RemoteWebDriver.java:348)
	at org.openqa.selenium.remote.RemoteWebDriver.findElementByXPath(RemoteWebDriver.java:445)
	at org.openqa.selenium.By$ByXPath.findElement(By.java:358)
	at org.openqa.selenium.remote.RemoteWebDriver.findElement(RemoteWebDriver.java:340)
	at com.dts.adminportal.wrappers.BaseElement.<init>(BaseElement.java:13)
	at com.dts.adminportal.wrappers.ButtonElement.<init>(ButtonElement.java:9)
	at com.dts.adminportal.controller.BaseController.logout(BaseController.java:908)
	at com.dts.adminportal.dts.test.DTSProducts040DProductDetail.TC041DAVD_16(DTSProducts040DProductDetail.java:1589)
	at sun.reflect.NativeMethodAccessorImpl.invoke0(Native Method)
	at sun.reflect.NativeMethodAccessorImpl.invoke(Unknown Source)
	at sun.reflect.DelegatingMethodAccessorImpl.invoke(Unknown Source)
	at java.lang.reflect.Method.invoke(Unknown Source)
	at org.testng.internal.MethodInvocationHelper.invokeMethod(MethodInvocationHelper.java:85)
	at org.testng.internal.Invoker.invokeMethod(Invoker.java:639)
	at org.testng.internal.Invoker.invokeTestMethod(Invoker.java:816)
	at org.testng.internal.Invoker.invokeTestMethods(Invoker.java:1124)
	at org.testng.internal.TestMethodWorker.invokeTestMethods(TestMethodWorker.java:125)
	at org.testng.internal.TestMethodWorker.run(TestMethodWorker.java:108)
	at org.testng.TestRunner.privateRun(TestRunner.java:774)
	at org.testng.TestRunner.run(TestRunner.java:624)
	at org.testng.SuiteRunner.runTest(SuiteRunner.java:359)
	at org.testng.SuiteRunner.runSequentially(SuiteRunner.java:354)
	at org.testng.SuiteRunner.privateRun(SuiteRunner.java:312)
	at org.testng.SuiteRunner.run(SuiteRunner.java:261)
	at org.testng.SuiteRunnerWorker.runSuite(SuiteRunnerWorker.java:52)
	at org.testng.SuiteRunnerWorker.run(SuiteRunnerWorker.java:86)
	at org.testng.TestNG.runSuitesSequentially(TestNG.java:1191)
	at org.testng.TestNG.runSuitesLocally(TestNG.java:1116)
	at org.testng.TestNG.run(TestNG.java:1024)
	at org.testng.remote.AbstractRemoteTestNG.run(AbstractRemoteTestNG.java:132)
	at org.testng.remote.RemoteTestNG.initAndRun(RemoteTestNG.java:230)
	at org.testng.remote.RemoteTestNG.main(RemoteTestNG.java:76)
Caused by: org.openqa.selenium.NoSuchElementException: Unable to locate element: {"method":"xpath","selector":"//*[@id='loggedInAs']"}
For documentation on this error, please visit: http://seleniumhq.org/exceptions/no_such_element.html
Build info: version: '2.47.1', revision: 'unknown', time: '2015-07-30 11:02:44'
System info: host: 'PC1490', ip: '172.18.0.199', os.name: 'Windows 10', os.arch: 'amd64', os.version: '10.0', java.version: '1.8.0_131'
Driver info: driver.version: unknown
	at <anonymous class>.FirefoxDriver.prototype.findElementInternal_(file:///C:/Users/ANH~1.DIN/AppData/Local/Temp/anonymous4600391015634305762webdriver-profile/extensions/fxdriver@googlecode.com/components/driver-component.js:10667)
	at <anonymous class>.fxdriver.Timer.prototype.setTimeout/<.notify(file:///C:/Users/ANH~1.DIN/AppData/Local/Temp/anonymous4600391015634305762webdriver-profile/extensions/fxdriver@googlecode.com/components/driver-component.js:623)
]]>
    </failure>
  </testcase> <!-- TC041DAVD_16 -->
  <testcase name="TC041DAVD_17" time="527.126" classname="com.dts.adminportal.dts.test.DTSProducts040DProductDetail"/>
  <testcase name="TC041DAVD_18" time="669.651" classname="com.dts.adminportal.dts.test.DTSProducts040DProductDetail"/>
  <testcase name="TC041DAVD_19" time="203.889" classname="com.dts.adminportal.dts.test.DTSProducts040DProductDetail"/>
  <testcase name="TC041DAVD_20" time="292.323" classname="com.dts.adminportal.dts.test.DTSProducts040DProductDetail"/>
  <testcase name="TC041DAVD_21" time="276.477" classname="com.dts.adminportal.dts.test.DTSProducts040DProductDetail"/>
</testsuite> <!-- Default test -->
