<?xml version="1.0" encoding="UTF-8"?>
<!-- Generated by org.testng.reporters.JUnitReportReporter -->
<testsuite hostname="PC1490" name="com.dts.adminportal.dts.test.DTSCompanies072DEditBrandInfoNew" tests="8" failures="0" timestamp="18 Mar 2018 17:57:24 GMT" time="974.534" errors="2">
  <testcase name="TC072DEBI_06" time="75.771" classname="com.dts.adminportal.dts.test.DTSCompanies072DEditBrandInfoNew"/>
  <testcase name="TC072DEBI_07" time="111.684" classname="com.dts.adminportal.dts.test.DTSCompanies072DEditBrandInfoNew"/>
  <testcase name="TC072DEBI_03" time="68.884" classname="com.dts.adminportal.dts.test.DTSCompanies072DEditBrandInfoNew"/>
  <testcase name="TC072DEBI_08" time="60.780" classname="com.dts.adminportal.dts.test.DTSCompanies072DEditBrandInfoNew">
    <error type="java.lang.NullPointerException">
      <![CDATA[java.lang.NullPointerException
	at com.dts.adminportal.controller.ProductController.clickImage(ProductController.java:508)
	at com.dts.adminportal.dts.test.DTSCompanies072DEditBrandInfoNew.TC072DEBI_08(DTSCompanies072DEditBrandInfoNew.java:547)
	at sun.reflect.NativeMethodAccessorImpl.invoke0(Native Method)
	at sun.reflect.NativeMethodAccessorImpl.invoke(Unknown Source)
	at sun.reflect.DelegatingMethodAccessorImpl.invoke(Unknown Source)
	at java.lang.reflect.Method.invoke(Unknown Source)
	at org.testng.internal.MethodInvocationHelper.invokeMethod(MethodInvocationHelper.java:85)
	at org.testng.internal.Invoker.invokeMethod(Invoker.java:639)
	at org.testng.internal.Invoker.invokeTestMethod(Invoker.java:816)
	at org.testng.internal.Invoker.invokeTestMethods(Invoker.java:1124)
	at org.testng.internal.TestMethodWorker.invokeTestMethods(TestMethodWorker.java:125)
	at org.testng.internal.TestMethodWorker.run(TestMethodWorker.java:108)
	at org.testng.TestRunner.privateRun(TestRunner.java:774)
	at org.testng.TestRunner.run(TestRunner.java:624)
	at org.testng.SuiteRunner.runTest(SuiteRunner.java:359)
	at org.testng.SuiteRunner.runSequentially(SuiteRunner.java:354)
	at org.testng.SuiteRunner.privateRun(SuiteRunner.java:312)
	at org.testng.SuiteRunner.run(SuiteRunner.java:261)
	at org.testng.SuiteRunnerWorker.runSuite(SuiteRunnerWorker.java:52)
	at org.testng.SuiteRunnerWorker.run(SuiteRunnerWorker.java:86)
	at org.testng.TestNG.runSuitesSequentially(TestNG.java:1191)
	at org.testng.TestNG.runSuitesLocally(TestNG.java:1116)
	at org.testng.TestNG.run(TestNG.java:1024)
	at org.testng.remote.AbstractRemoteTestNG.run(AbstractRemoteTestNG.java:132)
	at org.testng.remote.RemoteTestNG.initAndRun(RemoteTestNG.java:230)
	at org.testng.remote.RemoteTestNG.main(RemoteTestNG.java:76)
]]>
    </error>
  </testcase> <!-- TC072DEBI_08 -->
  <testcase name="TC072DEBI_04" time="431.743" classname="com.dts.adminportal.dts.test.DTSCompanies072DEditBrandInfoNew"/>
  <testcase name="TC072DEBI_05" time="110.781" classname="com.dts.adminportal.dts.test.DTSCompanies072DEditBrandInfoNew">
    <error type="java.lang.NullPointerException">
      <![CDATA[java.lang.NullPointerException
	at com.dts.adminportal.controller.CompanyController.dragDropBrandImage(CompanyController.java:678)
	at com.dts.adminportal.dts.test.DTSCompanies072DEditBrandInfoNew.TC072DEBI_05(DTSCompanies072DEditBrandInfoNew.java:385)
	at sun.reflect.NativeMethodAccessorImpl.invoke0(Native Method)
	at sun.reflect.NativeMethodAccessorImpl.invoke(Unknown Source)
	at sun.reflect.DelegatingMethodAccessorImpl.invoke(Unknown Source)
	at java.lang.reflect.Method.invoke(Unknown Source)
	at org.testng.internal.MethodInvocationHelper.invokeMethod(MethodInvocationHelper.java:85)
	at org.testng.internal.Invoker.invokeMethod(Invoker.java:639)
	at org.testng.internal.Invoker.invokeTestMethod(Invoker.java:816)
	at org.testng.internal.Invoker.invokeTestMethods(Invoker.java:1124)
	at org.testng.internal.TestMethodWorker.invokeTestMethods(TestMethodWorker.java:125)
	at org.testng.internal.TestMethodWorker.run(TestMethodWorker.java:108)
	at org.testng.TestRunner.privateRun(TestRunner.java:774)
	at org.testng.TestRunner.run(TestRunner.java:624)
	at org.testng.SuiteRunner.runTest(SuiteRunner.java:359)
	at org.testng.SuiteRunner.runSequentially(SuiteRunner.java:354)
	at org.testng.SuiteRunner.privateRun(SuiteRunner.java:312)
	at org.testng.SuiteRunner.run(SuiteRunner.java:261)
	at org.testng.SuiteRunnerWorker.runSuite(SuiteRunnerWorker.java:52)
	at org.testng.SuiteRunnerWorker.run(SuiteRunnerWorker.java:86)
	at org.testng.TestNG.runSuitesSequentially(TestNG.java:1191)
	at org.testng.TestNG.runSuitesLocally(TestNG.java:1116)
	at org.testng.TestNG.run(TestNG.java:1024)
	at org.testng.remote.AbstractRemoteTestNG.run(AbstractRemoteTestNG.java:132)
	at org.testng.remote.RemoteTestNG.initAndRun(RemoteTestNG.java:230)
	at org.testng.remote.RemoteTestNG.main(RemoteTestNG.java:76)
]]>
    </error>
  </testcase> <!-- TC072DEBI_05 -->
  <testcase name="TC072DEBI_02" time="56.142" classname="com.dts.adminportal.dts.test.DTSCompanies072DEditBrandInfoNew"/>
  <testcase name="TC072DEBI_01" time="58.749" classname="com.dts.adminportal.dts.test.DTSCompanies072DEditBrandInfoNew"/>
</testsuite> <!-- com.dts.adminportal.dts.test.DTSCompanies072DEditBrandInfoNew -->
