<?xml version="1.0" encoding="UTF-8"?>
<testsuite name="FireFoxTest"
           tests="8"
           failures="2"
           errors="0"
           skipped="0"
           time="840.293">
  <properties />
            <testcase name="TC072DEBI_08" time="64.823" classname="com.dts.adminportal.dts.test.DTSCompanies072DEditBrandInfoNew">
                <failure type="java.lang.AssertionError"
                  message="expected [true] but found [false]"
              >
<![CDATA[java.lang.AssertionError: expected [true] but found [false]
  org.testng.Assert.fail(Assert.java:94)
  org.testng.Assert.failNotEquals(Assert.java:496)
  org.testng.Assert.assertTrue(Assert.java:42)
  org.testng.Assert.assertTrue(Assert.java:52)
  com.dts.adminportal.dts.test.DTSCompanies072DEditBrandInfoNew.TC072DEBI_08(DTSCompanies072DEditBrandInfoNew.java:549)
  sun.reflect.NativeMethodAccessorImpl.invoke0(Native Method)
  sun.reflect.NativeMethodAccessorImpl.invoke(Unknown Source)
  sun.reflect.DelegatingMethodAccessorImpl.invoke(Unknown Source)
  java.lang.reflect.Method.invoke(Unknown Source)
  org.testng.internal.MethodInvocationHelper.invokeMethod(MethodInvocationHelper.java:85)
  org.testng.internal.Invoker.invokeMethod(Invoker.java:639)
  org.testng.internal.Invoker.invokeTestMethod(Invoker.java:816)
  org.testng.internal.Invoker.invokeTestMethods(Invoker.java:1124)
  org.testng.internal.TestMethodWorker.invokeTestMethods(TestMethodWorker.java:125)
  org.testng.internal.TestMethodWorker.run(TestMethodWorker.java:108)
  org.testng.TestRunner.privateRun(TestRunner.java:774)
  org.testng.TestRunner.run(TestRunner.java:624)
  org.testng.SuiteRunner.runTest(SuiteRunner.java:359)
  org.testng.SuiteRunner.runSequentially(SuiteRunner.java:354)
  org.testng.SuiteRunner.privateRun(SuiteRunner.java:312)
  org.testng.SuiteRunner.run(SuiteRunner.java:261)
  org.testng.SuiteRunnerWorker.runSuite(SuiteRunnerWorker.java:52)
  org.testng.SuiteRunnerWorker.run(SuiteRunnerWorker.java:86)
  org.testng.TestNG.runSuitesSequentially(TestNG.java:1191)
  org.testng.TestNG.runSuitesLocally(TestNG.java:1116)
  org.testng.TestNG.run(TestNG.java:1024)
  org.testng.remote.AbstractRemoteTestNG.run(AbstractRemoteTestNG.java:132)
  org.testng.remote.RemoteTestNG.initAndRun(RemoteTestNG.java:230)
  org.testng.remote.RemoteTestNG.main(RemoteTestNG.java:76)
]]>
      </failure>

          </testcase>
            <testcase name="TC072DEBI_05" time="83.260" classname="com.dts.adminportal.dts.test.DTSCompanies072DEditBrandInfoNew">
                <failure type="java.lang.NullPointerException"
                  message="(null)"
              >
<![CDATA[java.lang.NullPointerException
  org.sikuli.api.robot.desktop.AWTDesktop.getMouse(AWTDesktop.java:113)
  org.sikuli.api.robot.desktop.DesktopMouse.getAWTMouse(DesktopMouse.java:11)
  org.sikuli.api.robot.desktop.DesktopMouse.hover(DesktopMouse.java:21)
  org.sikuli.api.robot.desktop.DesktopMouse.drop(DesktopMouse.java:50)
  com.dts.adminportal.controller.CompanyController.dragDropBrandImage(CompanyController.java:660)
  com.dts.adminportal.dts.test.DTSCompanies072DEditBrandInfoNew.TC072DEBI_05(DTSCompanies072DEditBrandInfoNew.java:385)
  sun.reflect.NativeMethodAccessorImpl.invoke0(Native Method)
  sun.reflect.NativeMethodAccessorImpl.invoke(Unknown Source)
  sun.reflect.DelegatingMethodAccessorImpl.invoke(Unknown Source)
  java.lang.reflect.Method.invoke(Unknown Source)
  org.testng.internal.MethodInvocationHelper.invokeMethod(MethodInvocationHelper.java:85)
  org.testng.internal.Invoker.invokeMethod(Invoker.java:639)
  org.testng.internal.Invoker.invokeTestMethod(Invoker.java:816)
  org.testng.internal.Invoker.invokeTestMethods(Invoker.java:1124)
  org.testng.internal.TestMethodWorker.invokeTestMethods(TestMethodWorker.java:125)
  org.testng.internal.TestMethodWorker.run(TestMethodWorker.java:108)
  org.testng.TestRunner.privateRun(TestRunner.java:774)
  org.testng.TestRunner.run(TestRunner.java:624)
  org.testng.SuiteRunner.runTest(SuiteRunner.java:359)
  org.testng.SuiteRunner.runSequentially(SuiteRunner.java:354)
  org.testng.SuiteRunner.privateRun(SuiteRunner.java:312)
  org.testng.SuiteRunner.run(SuiteRunner.java:261)
  org.testng.SuiteRunnerWorker.runSuite(SuiteRunnerWorker.java:52)
  org.testng.SuiteRunnerWorker.run(SuiteRunnerWorker.java:86)
  org.testng.TestNG.runSuitesSequentially(TestNG.java:1191)
  org.testng.TestNG.runSuitesLocally(TestNG.java:1116)
  org.testng.TestNG.run(TestNG.java:1024)
  org.testng.remote.AbstractRemoteTestNG.run(AbstractRemoteTestNG.java:132)
  org.testng.remote.RemoteTestNG.initAndRun(RemoteTestNG.java:230)
  org.testng.remote.RemoteTestNG.main(RemoteTestNG.java:76)
]]>
      </failure>

          </testcase>
  
  
            <testcase name="TC072DEBI_06" time="56.305" classname="com.dts.adminportal.dts.test.DTSCompanies072DEditBrandInfoNew" />
                <testcase name="TC072DEBI_04" time="391.404" classname="com.dts.adminportal.dts.test.DTSCompanies072DEditBrandInfoNew" />
                <testcase name="TC072DEBI_03" time="56.185" classname="com.dts.adminportal.dts.test.DTSCompanies072DEditBrandInfoNew" />
                <testcase name="TC072DEBI_07" time="99.912" classname="com.dts.adminportal.dts.test.DTSCompanies072DEditBrandInfoNew" />
                <testcase name="TC072DEBI_01" time="45.329" classname="com.dts.adminportal.dts.test.DTSCompanies072DEditBrandInfoNew" />
                <testcase name="TC072DEBI_02" time="43.075" classname="com.dts.adminportal.dts.test.DTSCompanies072DEditBrandInfoNew" />
      
</testsuite>
